{
  "stats": {
    "suites": 1,
    "tests": 18,
    "passes": 0,
    "pending": 0,
    "failures": 18,
    "start": "2021-12-16T11:25:39.952Z",
    "end": "2021-12-16T11:25:47.078Z",
    "duration": 7126,
    "testsRegistered": 18,
    "passPercent": 0,
    "pendingPercent": 0,
    "other": 0,
    "hasOther": false,
    "skipped": 0,
    "hasSkipped": false
  },
  "results": [
    {
      "uuid": "6cc18fd9-dfce-4dcf-8c8d-7390d7ece409",
      "title": "",
      "fullFile": "",
      "file": "",
      "beforeHooks": [],
      "afterHooks": [],
      "tests": [],
      "suites": [
        {
          "uuid": "e583a94e-2370-4e04-9c6c-830b88ef777b",
          "title": "Testing Scholars Project",
          "fullFile": "C:\\Users\\mintas\\Desktop\\New-beginning-code\\Dufuna\\Dufuna-CodeCamp-21\\tests\\landing_page\\landing_page.js",
          "file": "\\landing_page.js",
          "beforeHooks": [
            {
              "title": "\"before all\" hook: setupWebdriver in \"Testing Scholars Project\"",
              "fullTitle": "Testing Scholars Project \"before all\" hook: setupWebdriver in \"Testing Scholars Project\"",
              "timedOut": false,
              "duration": 6635,
              "state": null,
              "speed": null,
              "pass": false,
              "fail": false,
              "pending": false,
              "context": null,
              "code": "var file_url = `file://${file_path}`;\ndriver.get(file_url).then(done);",
              "err": {},
              "uuid": "21b74e6f-0b30-4727-bca6-08466884cb29",
              "parentUUID": "e583a94e-2370-4e04-9c6c-830b88ef777b",
              "isHook": true,
              "skipped": false
            }
          ],
          "afterHooks": [
            {
              "title": "\"after all\" hook in \"Testing Scholars Project\"",
              "fullTitle": "Testing Scholars Project \"after all\" hook in \"Testing Scholars Project\"",
              "timedOut": false,
              "duration": 1,
              "state": null,
              "speed": null,
              "pass": false,
              "fail": false,
              "pending": false,
              "context": null,
              "code": "driver.quit();",
              "err": {},
              "uuid": "4b18423e-21fc-4753-a598-dc53db2123d6",
              "parentUUID": "e583a94e-2370-4e04-9c6c-830b88ef777b",
              "isHook": true,
              "skipped": false
            }
          ],
          "tests": [
            {
              "title": "test case: FoodBag Logo is present",
              "fullTitle": "Testing Scholars Project test case: FoodBag Logo is present",
              "timedOut": false,
              "duration": 55,
              "state": "failed",
              "speed": null,
              "pass": false,
              "fail": true,
              "pending": false,
              "context": null,
              "code": "const name = await driver.findElement(By.css(\"body\"));\nconst text = await name.getText();\nassert.include(text, \"Food\", `Ensure \"food bag\" text is present on header`);",
              "err": {
                "message": "AssertionError: Ensure \"food bag\" text is present on header: expected 'Your file couldn’t be accessed\\nIt may have been moved, edited, or deleted.\\nERR_FILE_NOT_FOUND' to include 'Food'",
                "estack": "AssertionError: Ensure \"food bag\" text is present on header: expected 'Your file couldn’t be accessed\\nIt may have been moved, edited, or deleted.\\nERR_FILE_NOT_FOUND' to include 'Food'\n    at Context.<anonymous> (landing_page.js:24:20)\n    at processTicksAndRejections (internal/process/task_queues.js:97:5)",
                "diff": null
              },
              "uuid": "83585c98-014a-4fe6-b7e9-a09177d676d4",
              "parentUUID": "e583a94e-2370-4e04-9c6c-830b88ef777b",
              "isHook": false,
              "skipped": false
            },
            {
              "title": "test case: FoodBag Logo is present",
              "fullTitle": "Testing Scholars Project test case: FoodBag Logo is present",
              "timedOut": false,
              "duration": 21,
              "state": "failed",
              "speed": null,
              "pass": false,
              "fail": true,
              "pending": false,
              "context": null,
              "code": "const name = await driver.findElement(By.css(\"body\"));\nconst text = await name.getText();\nassert.include(text, \"Bag\", `Ensure \"food bag\" text is present on header`);",
              "err": {
                "message": "AssertionError: Ensure \"food bag\" text is present on header: expected 'Your file couldn’t be accessed\\nIt may have been moved, edited, or deleted.\\nERR_FILE_NOT_FOUND' to include 'Bag'",
                "estack": "AssertionError: Ensure \"food bag\" text is present on header: expected 'Your file couldn’t be accessed\\nIt may have been moved, edited, or deleted.\\nERR_FILE_NOT_FOUND' to include 'Bag'\n    at Context.<anonymous> (landing_page.js:30:20)\n    at processTicksAndRejections (internal/process/task_queues.js:97:5)",
                "diff": null
              },
              "uuid": "3a4bc843-a3b6-4f54-b862-acbbaa048669",
              "parentUUID": "e583a94e-2370-4e04-9c6c-830b88ef777b",
              "isHook": false,
              "skipped": false
            },
            {
              "title": "test case: FoodBag text is present on the page",
              "fullTitle": "Testing Scholars Project test case: FoodBag text is present on the page",
              "timedOut": false,
              "duration": 24,
              "state": "failed",
              "speed": null,
              "pass": false,
              "fail": true,
              "pending": false,
              "context": null,
              "code": "const name = await driver.findElement(By.css(\"body\"));\nconst text = await name.getText();\nassert.include(text, \"FoodBag\", `Ensure \"FoodBag\" text is present`);",
              "err": {
                "message": "AssertionError: Ensure \"FoodBag\" text is present: expected 'Your file couldn’t be accessed\\nIt may have been moved, edited, or deleted.\\nERR_FILE_NOT_FOUND' to include 'FoodBag'",
                "estack": "AssertionError: Ensure \"FoodBag\" text is present: expected 'Your file couldn’t be accessed\\nIt may have been moved, edited, or deleted.\\nERR_FILE_NOT_FOUND' to include 'FoodBag'\n    at Context.<anonymous> (landing_page.js:36:20)\n    at processTicksAndRejections (internal/process/task_queues.js:97:5)",
                "diff": null
              },
              "uuid": "fce0b19a-f320-46e3-8356-4587e2ece17d",
              "parentUUID": "e583a94e-2370-4e04-9c6c-830b88ef777b",
              "isHook": false,
              "skipped": false
            },
            {
              "title": "test case: check Login",
              "fullTitle": "Testing Scholars Project test case: check Login",
              "timedOut": false,
              "duration": 25,
              "state": "failed",
              "speed": null,
              "pass": false,
              "fail": true,
              "pending": false,
              "context": null,
              "code": "const element = await driver.findElement(By.css(\"body\"))\nconst text = await element.getText();\nassert.include(text, \"Login\", \"Ensure the `Login` link is present on the header\");",
              "err": {
                "message": "AssertionError: Ensure the `Login` link is present on the header: expected 'Your file couldn’t be accessed\\nIt may have been moved, edited, or deleted.\\nERR_FILE_NOT_FOUND' to include 'Login'",
                "estack": "AssertionError: Ensure the `Login` link is present on the header: expected 'Your file couldn’t be accessed\\nIt may have been moved, edited, or deleted.\\nERR_FILE_NOT_FOUND' to include 'Login'\n    at Context.<anonymous> (landing_page.js:43:20)\n    at processTicksAndRejections (internal/process/task_queues.js:97:5)",
                "diff": null
              },
              "uuid": "6ca9a33c-8db3-4533-8510-43b5b053c6b9",
              "parentUUID": "e583a94e-2370-4e04-9c6c-830b88ef777b",
              "isHook": false,
              "skipped": false
            },
            {
              "title": "test case: check Cart",
              "fullTitle": "Testing Scholars Project test case: check Cart",
              "timedOut": false,
              "duration": 19,
              "state": "failed",
              "speed": null,
              "pass": false,
              "fail": true,
              "pending": false,
              "context": null,
              "code": "const element = await driver.findElement(By.css(\"body\"))\nconst text = await element.getText();\nassert.include(text, \"Cart\", \"Ensure the `Cart` link is present on the header\");",
              "err": {
                "message": "AssertionError: Ensure the `Cart` link is present on the header: expected 'Your file couldn’t be accessed\\nIt may have been moved, edited, or deleted.\\nERR_FILE_NOT_FOUND' to include 'Cart'",
                "estack": "AssertionError: Ensure the `Cart` link is present on the header: expected 'Your file couldn’t be accessed\\nIt may have been moved, edited, or deleted.\\nERR_FILE_NOT_FOUND' to include 'Cart'\n    at Context.<anonymous> (landing_page.js:49:20)\n    at processTicksAndRejections (internal/process/task_queues.js:97:5)",
                "diff": null
              },
              "uuid": "e6da6766-8185-489d-9d46-4acc5ddcfda3",
              "parentUUID": "e583a94e-2370-4e04-9c6c-830b88ef777b",
              "isHook": false,
              "skipped": false
            },
            {
              "title": "test case: check Sign up",
              "fullTitle": "Testing Scholars Project test case: check Sign up",
              "timedOut": false,
              "duration": 21,
              "state": "failed",
              "speed": null,
              "pass": false,
              "fail": true,
              "pending": false,
              "context": null,
              "code": "const element = await driver.findElement(By.css(\"body\"))\nconst text = await element.getText();\nassert.include(text, \"Sign up\", \"Ensure the `Sign up` link is present on the header\");",
              "err": {
                "message": "AssertionError: Ensure the `Sign up` link is present on the header: expected 'Your file couldn’t be accessed\\nIt may have been moved, edited, or deleted.\\nERR_FILE_NOT_FOUND' to include 'Sign up'",
                "estack": "AssertionError: Ensure the `Sign up` link is present on the header: expected 'Your file couldn’t be accessed\\nIt may have been moved, edited, or deleted.\\nERR_FILE_NOT_FOUND' to include 'Sign up'\n    at Context.<anonymous> (landing_page.js:55:20)\n    at processTicksAndRejections (internal/process/task_queues.js:97:5)",
                "diff": null
              },
              "uuid": "0bc30234-367d-4ac9-9995-9b133e82a047",
              "parentUUID": "e583a94e-2370-4e04-9c6c-830b88ef777b",
              "isHook": false,
              "skipped": false
            },
            {
              "title": "test case: check service-descrption1",
              "fullTitle": "Testing Scholars Project test case: check service-descrption1",
              "timedOut": false,
              "duration": 28,
              "state": "failed",
              "speed": null,
              "pass": false,
              "fail": true,
              "pending": false,
              "context": null,
              "code": "const element = await driver.findElement(By.css(\"body\"))\nconst text = await element.getText();\nassert.include(text, \"Pick an interest\", \"Ensure Quantity label is present\");",
              "err": {
                "message": "AssertionError: Ensure Quantity label is present: expected 'Your file couldn’t be accessed\\nIt may have been moved, edited, or deleted.\\nERR_FILE_NOT_FOUND' to include 'Pick an interest'",
                "estack": "AssertionError: Ensure Quantity label is present: expected 'Your file couldn’t be accessed\\nIt may have been moved, edited, or deleted.\\nERR_FILE_NOT_FOUND' to include 'Pick an interest'\n    at Context.<anonymous> (landing_page.js:61:20)\n    at processTicksAndRejections (internal/process/task_queues.js:97:5)",
                "diff": null
              },
              "uuid": "ad96efc0-d72b-4cb4-91ef-f553d7b1f57b",
              "parentUUID": "e583a94e-2370-4e04-9c6c-830b88ef777b",
              "isHook": false,
              "skipped": false
            },
            {
              "title": "test case: check service-description2",
              "fullTitle": "Testing Scholars Project test case: check service-description2",
              "timedOut": false,
              "duration": 20,
              "state": "failed",
              "speed": null,
              "pass": false,
              "fail": true,
              "pending": false,
              "context": null,
              "code": "const element = await driver.findElement(By.css(\"body\"))\nconst text = await element.getText();\nassert.include(text, \"How we serve you\", \"Ensure you have the appropriate text for the service\");",
              "err": {
                "message": "AssertionError: Ensure you have the appropriate text for the service: expected 'Your file couldn’t be accessed\\nIt may have been moved, edited, or deleted.\\nERR_FILE_NOT_FOUND' to include 'How we serve you'",
                "estack": "AssertionError: Ensure you have the appropriate text for the service: expected 'Your file couldn’t be accessed\\nIt may have been moved, edited, or deleted.\\nERR_FILE_NOT_FOUND' to include 'How we serve you'\n    at Context.<anonymous> (landing_page.js:67:20)\n    at processTicksAndRejections (internal/process/task_queues.js:97:5)",
                "diff": null
              },
              "uuid": "c04698c7-3d35-426d-ada1-9f4a4ab2c6f6",
              "parentUUID": "e583a94e-2370-4e04-9c6c-830b88ef777b",
              "isHook": false,
              "skipped": false
            },
            {
              "title": "test case: check service title-1",
              "fullTitle": "Testing Scholars Project test case: check service title-1",
              "timedOut": false,
              "duration": 21,
              "state": "failed",
              "speed": null,
              "pass": false,
              "fail": true,
              "pending": false,
              "context": null,
              "code": "const element = await driver.findElement(By.css(\"body\"))\nconst text = await element.getText();\nassert.include(text, \"Tell us where you are\", \"Ensure you have the appropriate text for the service\");",
              "err": {
                "message": "AssertionError: Ensure you have the appropriate text for the service: expected 'Your file couldn’t be accessed\\nIt may have been moved, edited, or deleted.\\nERR_FILE_NOT_FOUND' to include 'Tell us where you are'",
                "estack": "AssertionError: Ensure you have the appropriate text for the service: expected 'Your file couldn’t be accessed\\nIt may have been moved, edited, or deleted.\\nERR_FILE_NOT_FOUND' to include 'Tell us where you are'\n    at Context.<anonymous> (landing_page.js:73:20)\n    at processTicksAndRejections (internal/process/task_queues.js:97:5)",
                "diff": null
              },
              "uuid": "5431ecea-f642-4767-b001-2f2b06b5e873",
              "parentUUID": "e583a94e-2370-4e04-9c6c-830b88ef777b",
              "isHook": false,
              "skipped": false
            },
            {
              "title": "test case: check service-title-2",
              "fullTitle": "Testing Scholars Project test case: check service-title-2",
              "timedOut": false,
              "duration": 21,
              "state": "failed",
              "speed": null,
              "pass": false,
              "fail": true,
              "pending": false,
              "context": null,
              "code": "const element = await driver.findElement(By.css(\"body\"))\nconst text = await element.getText();\nassert.include(text, \"Tell us what you want\", \"Ensure you have the appropriate text for the service\");",
              "err": {
                "message": "AssertionError: Ensure you have the appropriate text for the service: expected 'Your file couldn’t be accessed\\nIt may have been moved, edited, or deleted.\\nERR_FILE_NOT_FOUND' to include 'Tell us what you want'",
                "estack": "AssertionError: Ensure you have the appropriate text for the service: expected 'Your file couldn’t be accessed\\nIt may have been moved, edited, or deleted.\\nERR_FILE_NOT_FOUND' to include 'Tell us what you want'\n    at Context.<anonymous> (landing_page.js:79:20)\n    at processTicksAndRejections (internal/process/task_queues.js:97:5)",
                "diff": null
              },
              "uuid": "9db483df-c554-4a93-9bb6-6e000cb8efd5",
              "parentUUID": "e583a94e-2370-4e04-9c6c-830b88ef777b",
              "isHook": false,
              "skipped": false
            },
            {
              "title": "test case: check service-title-3",
              "fullTitle": "Testing Scholars Project test case: check service-title-3",
              "timedOut": false,
              "duration": 27,
              "state": "failed",
              "speed": null,
              "pass": false,
              "fail": true,
              "pending": false,
              "context": null,
              "code": "const element = await driver.findElement(By.css(\"body\"))\nconst text = await element.getText();\nassert.include(text, \"We'll come running\", \"Ensure you have the appropriate text for the service\");",
              "err": {
                "message": "AssertionError: Ensure you have the appropriate text for the service: expected 'Your file couldn’t be accessed\\nIt may have been moved, edited, or deleted.\\nERR_FILE_NOT_FOUND' to include 'We\\'ll come running'",
                "estack": "AssertionError: Ensure you have the appropriate text for the service: expected 'Your file couldn’t be accessed\\nIt may have been moved, edited, or deleted.\\nERR_FILE_NOT_FOUND' to include 'We\\'ll come running'\n    at Context.<anonymous> (landing_page.js:85:20)\n    at processTicksAndRejections (internal/process/task_queues.js:97:5)",
                "diff": null
              },
              "uuid": "4b3382cf-323d-459a-853c-d6277f3d486c",
              "parentUUID": "e583a94e-2370-4e04-9c6c-830b88ef777b",
              "isHook": false,
              "skipped": false
            },
            {
              "title": "test case: check footer",
              "fullTitle": "Testing Scholars Project test case: check footer",
              "timedOut": false,
              "duration": 13,
              "state": "failed",
              "speed": null,
              "pass": false,
              "fail": true,
              "pending": false,
              "context": null,
              "code": "const element = await driver.findElement(By.css(\"footer\"))\nconst text = await element.getText();\nassert.include(text, \"Contact us\", \"Ensure you have the appropriate text as seen on the mock-up\");",
              "err": {
                "message": "NoSuchElementError: no such element: Unable to locate element: {\"method\":\"css selector\",\"selector\":\"footer\"}\n  (Session info: chrome=96.0.4664.110)",
                "estack": "NoSuchElementError: no such element: Unable to locate element: {\"method\":\"css selector\",\"selector\":\"footer\"}\n  (Session info: chrome=96.0.4664.110)\n    at Object.throwDecodedError (C:\\Users\\mintas\\Desktop\\New-beginning-code\\Dufuna\\Dufuna-CodeCamp-21\\tests\\node_modules\\selenium-webdriver\\lib\\error.js:539:15)\n    at parseHttpResponse (C:\\Users\\mintas\\Desktop\\New-beginning-code\\Dufuna\\Dufuna-CodeCamp-21\\tests\\node_modules\\selenium-webdriver\\lib\\http.js:647:13)\n    at Executor.execute (C:\\Users\\mintas\\Desktop\\New-beginning-code\\Dufuna\\Dufuna-CodeCamp-21\\tests\\node_modules\\selenium-webdriver\\lib\\http.js:573:28)\n    at processTicksAndRejections (internal/process/task_queues.js:97:5)\n    at async thenableWebDriverProxy.execute (C:\\Users\\mintas\\Desktop\\New-beginning-code\\Dufuna\\Dufuna-CodeCamp-21\\tests\\node_modules\\selenium-webdriver\\lib\\webdriver.js:735:17)\n    at async Context.<anonymous> (landing_page.js:89:29)",
                "diff": null
              },
              "uuid": "ac92b300-b311-40f2-ad14-1165e0c530f5",
              "parentUUID": "e583a94e-2370-4e04-9c6c-830b88ef777b",
              "isHook": false,
              "skipped": false
            },
            {
              "title": "test case: check terms & conditions on footer",
              "fullTitle": "Testing Scholars Project test case: check terms & conditions on footer",
              "timedOut": false,
              "duration": 9,
              "state": "failed",
              "speed": null,
              "pass": false,
              "fail": true,
              "pending": false,
              "context": null,
              "code": "const element = await driver.findElement(By.css(\"footer\"))\nconst text = await element.getText();\nassert.include(text, \"Terms & Conditions . Privacy Policy\", \"Ensure the texts on the footer is properly formated\");",
              "err": {
                "message": "NoSuchElementError: no such element: Unable to locate element: {\"method\":\"css selector\",\"selector\":\"footer\"}\n  (Session info: chrome=96.0.4664.110)",
                "estack": "NoSuchElementError: no such element: Unable to locate element: {\"method\":\"css selector\",\"selector\":\"footer\"}\n  (Session info: chrome=96.0.4664.110)\n    at Object.throwDecodedError (C:\\Users\\mintas\\Desktop\\New-beginning-code\\Dufuna\\Dufuna-CodeCamp-21\\tests\\node_modules\\selenium-webdriver\\lib\\error.js:539:15)\n    at parseHttpResponse (C:\\Users\\mintas\\Desktop\\New-beginning-code\\Dufuna\\Dufuna-CodeCamp-21\\tests\\node_modules\\selenium-webdriver\\lib\\http.js:647:13)\n    at Executor.execute (C:\\Users\\mintas\\Desktop\\New-beginning-code\\Dufuna\\Dufuna-CodeCamp-21\\tests\\node_modules\\selenium-webdriver\\lib\\http.js:573:28)\n    at processTicksAndRejections (internal/process/task_queues.js:97:5)\n    at async thenableWebDriverProxy.execute (C:\\Users\\mintas\\Desktop\\New-beginning-code\\Dufuna\\Dufuna-CodeCamp-21\\tests\\node_modules\\selenium-webdriver\\lib\\webdriver.js:735:17)\n    at async Context.<anonymous> (landing_page.js:95:29)",
                "diff": null
              },
              "uuid": "b9c3a802-72f4-47a6-a174-b7a5b7d90385",
              "parentUUID": "e583a94e-2370-4e04-9c6c-830b88ef777b",
              "isHook": false,
              "skipped": false
            },
            {
              "title": "test case: check copyright on footer",
              "fullTitle": "Testing Scholars Project test case: check copyright on footer",
              "timedOut": false,
              "duration": 10,
              "state": "failed",
              "speed": null,
              "pass": false,
              "fail": true,
              "pending": false,
              "context": null,
              "code": "const element = await driver.findElement(By.css(\"footer\"))\nconst text = await element.getText();\nassert.include(text, \"Copyright 2021 FoodBag is a registered trademark\", \"Ensure you have the appropriate text as seen on the mock-up\");",
              "err": {
                "message": "NoSuchElementError: no such element: Unable to locate element: {\"method\":\"css selector\",\"selector\":\"footer\"}\n  (Session info: chrome=96.0.4664.110)",
                "estack": "NoSuchElementError: no such element: Unable to locate element: {\"method\":\"css selector\",\"selector\":\"footer\"}\n  (Session info: chrome=96.0.4664.110)\n    at Object.throwDecodedError (C:\\Users\\mintas\\Desktop\\New-beginning-code\\Dufuna\\Dufuna-CodeCamp-21\\tests\\node_modules\\selenium-webdriver\\lib\\error.js:539:15)\n    at parseHttpResponse (C:\\Users\\mintas\\Desktop\\New-beginning-code\\Dufuna\\Dufuna-CodeCamp-21\\tests\\node_modules\\selenium-webdriver\\lib\\http.js:647:13)\n    at Executor.execute (C:\\Users\\mintas\\Desktop\\New-beginning-code\\Dufuna\\Dufuna-CodeCamp-21\\tests\\node_modules\\selenium-webdriver\\lib\\http.js:573:28)\n    at processTicksAndRejections (internal/process/task_queues.js:97:5)\n    at async thenableWebDriverProxy.execute (C:\\Users\\mintas\\Desktop\\New-beginning-code\\Dufuna\\Dufuna-CodeCamp-21\\tests\\node_modules\\selenium-webdriver\\lib\\webdriver.js:735:17)\n    at async Context.<anonymous> (landing_page.js:101:29)",
                "diff": null
              },
              "uuid": "a9859b86-6b72-46ca-9783-6d5c7123fc94",
              "parentUUID": "e583a94e-2370-4e04-9c6c-830b88ef777b",
              "isHook": false,
              "skipped": false
            },
            {
              "title": "test case: check input field",
              "fullTitle": "Testing Scholars Project test case: check input field",
              "timedOut": false,
              "duration": 12,
              "state": "failed",
              "speed": null,
              "pass": false,
              "fail": true,
              "pending": false,
              "context": null,
              "code": "const input = await driver.findElements(By.css('input'));\nconst size = input.length\nassert.equal(size, 1, `Ensure you have the input field as seen in the mock-up`);",
              "err": {
                "message": "AssertionError: Ensure you have the input field as seen in the mock-up: expected 0 to equal 1",
                "estack": "AssertionError: Ensure you have the input field as seen in the mock-up: expected 0 to equal 1\n    at Context.<anonymous> (landing_page.js:109:20)\n    at processTicksAndRejections (internal/process/task_queues.js:97:5)",
                "diff": "- 0\n+ 1\n"
              },
              "uuid": "9bd0f718-e167-49c5-add6-9d24870894ba",
              "parentUUID": "e583a94e-2370-4e04-9c6c-830b88ef777b",
              "isHook": false,
              "skipped": false
            },
            {
              "title": "test case: check placeholder",
              "fullTitle": "Testing Scholars Project test case: check placeholder",
              "timedOut": false,
              "duration": 15,
              "state": "failed",
              "speed": null,
              "pass": false,
              "fail": true,
              "pending": false,
              "context": null,
              "code": "const element = await driver.findElement(By.css('input')).getAttribute('placeholder');\nassert.equal(element, \"Enter your delivery address\", `Ensure you have the placeholder as seen in the mock-up`);",
              "err": {
                "message": "NoSuchElementError: no such element: Unable to locate element: {\"method\":\"css selector\",\"selector\":\"input\"}\n  (Session info: chrome=96.0.4664.110)",
                "estack": "NoSuchElementError: no such element: Unable to locate element: {\"method\":\"css selector\",\"selector\":\"input\"}\n  (Session info: chrome=96.0.4664.110)\n    at Object.throwDecodedError (C:\\Users\\mintas\\Desktop\\New-beginning-code\\Dufuna\\Dufuna-CodeCamp-21\\tests\\node_modules\\selenium-webdriver\\lib\\error.js:539:15)\n    at parseHttpResponse (C:\\Users\\mintas\\Desktop\\New-beginning-code\\Dufuna\\Dufuna-CodeCamp-21\\tests\\node_modules\\selenium-webdriver\\lib\\http.js:647:13)\n    at Executor.execute (C:\\Users\\mintas\\Desktop\\New-beginning-code\\Dufuna\\Dufuna-CodeCamp-21\\tests\\node_modules\\selenium-webdriver\\lib\\http.js:573:28)\n    at processTicksAndRejections (internal/process/task_queues.js:97:5)\n    at async thenableWebDriverProxy.execute (C:\\Users\\mintas\\Desktop\\New-beginning-code\\Dufuna\\Dufuna-CodeCamp-21\\tests\\node_modules\\selenium-webdriver\\lib\\webdriver.js:735:17)\n    at async toWireValue (C:\\Users\\mintas\\Desktop\\New-beginning-code\\Dufuna\\Dufuna-CodeCamp-21\\tests\\node_modules\\selenium-webdriver\\lib\\webdriver.js:140:15)\n    at async C:\\Users\\mintas\\Desktop\\New-beginning-code\\Dufuna\\Dufuna-CodeCamp-21\\tests\\node_modules\\selenium-webdriver\\lib\\webdriver.js:190:16\n    at async forEachKey (C:\\Users\\mintas\\Desktop\\New-beginning-code\\Dufuna\\Dufuna-CodeCamp-21\\tests\\node_modules\\selenium-webdriver\\lib\\webdriver.js:184:9)\n    at async convertKeys (C:\\Users\\mintas\\Desktop\\New-beginning-code\\Dufuna\\Dufuna-CodeCamp-21\\tests\\node_modules\\selenium-webdriver\\lib\\webdriver.js:189:3)\n    at async thenableWebDriverProxy.execute (C:\\Users\\mintas\\Desktop\\New-beginning-code\\Dufuna\\Dufuna-CodeCamp-21\\tests\\node_modules\\selenium-webdriver\\lib\\webdriver.js:733:22)\n    at async Context.<anonymous> (landing_page.js:113:29)",
                "diff": null
              },
              "uuid": "b882ac7d-c205-471e-832e-73a60a321c77",
              "parentUUID": "e583a94e-2370-4e04-9c6c-830b88ef777b",
              "isHook": false,
              "skipped": false
            },
            {
              "title": "test case: check label of input-field",
              "fullTitle": "Testing Scholars Project test case: check label of input-field",
              "timedOut": false,
              "duration": 41,
              "state": "failed",
              "speed": null,
              "pass": false,
              "fail": true,
              "pending": false,
              "context": null,
              "code": "const element = await driver.findElement(By.css('body')).getText();\nassert.include(element, \"Where are you?\", `Ensure you have the input field as the appropriate label as seen in the mock-up`);",
              "err": {
                "message": "AssertionError: Ensure you have the input field as the appropriate label as seen in the mock-up: expected 'Your file couldn’t be accessed\\nIt may have been moved, edited, or deleted.\\nERR_FILE_NOT_FOUND' to include 'Where are you?'",
                "estack": "AssertionError: Ensure you have the input field as the appropriate label as seen in the mock-up: expected 'Your file couldn’t be accessed\\nIt may have been moved, edited, or deleted.\\nERR_FILE_NOT_FOUND' to include 'Where are you?'\n    at Context.<anonymous> (landing_page.js:119:20)\n    at processTicksAndRejections (internal/process/task_queues.js:97:5)",
                "diff": null
              },
              "uuid": "7c4948f9-76e3-4777-9aeb-ce929eccd6ed",
              "parentUUID": "e583a94e-2370-4e04-9c6c-830b88ef777b",
              "isHook": false,
              "skipped": false
            },
            {
              "title": "test case: assert image amount is 10",
              "fullTitle": "Testing Scholars Project test case: assert image amount is 10",
              "timedOut": false,
              "duration": 19,
              "state": "failed",
              "speed": null,
              "pass": false,
              "fail": true,
              "pending": false,
              "context": null,
              "code": "const images = await driver.findElements(By.css('img'));\nconst size = images.length\nassert.equal(size, 10, `Ensure all the images are present on the page`);",
              "err": {
                "message": "AssertionError: Ensure all the images are present on the page: expected 2 to equal 10",
                "estack": "AssertionError: Ensure all the images are present on the page: expected 2 to equal 10\n    at Context.<anonymous> (landing_page.js:125:20)\n    at processTicksAndRejections (internal/process/task_queues.js:97:5)",
                "diff": "- 2\n+ 10\n"
              },
              "uuid": "8fe6f1dc-fb90-42f0-b35f-8038eff7bc79",
              "parentUUID": "e583a94e-2370-4e04-9c6c-830b88ef777b",
              "isHook": false,
              "skipped": false
            }
          ],
          "suites": [],
          "passes": [],
          "failures": [
            "83585c98-014a-4fe6-b7e9-a09177d676d4",
            "3a4bc843-a3b6-4f54-b862-acbbaa048669",
            "fce0b19a-f320-46e3-8356-4587e2ece17d",
            "6ca9a33c-8db3-4533-8510-43b5b053c6b9",
            "e6da6766-8185-489d-9d46-4acc5ddcfda3",
            "0bc30234-367d-4ac9-9995-9b133e82a047",
            "ad96efc0-d72b-4cb4-91ef-f553d7b1f57b",
            "c04698c7-3d35-426d-ada1-9f4a4ab2c6f6",
            "5431ecea-f642-4767-b001-2f2b06b5e873",
            "9db483df-c554-4a93-9bb6-6e000cb8efd5",
            "4b3382cf-323d-459a-853c-d6277f3d486c",
            "ac92b300-b311-40f2-ad14-1165e0c530f5",
            "b9c3a802-72f4-47a6-a174-b7a5b7d90385",
            "a9859b86-6b72-46ca-9783-6d5c7123fc94",
            "9bd0f718-e167-49c5-add6-9d24870894ba",
            "b882ac7d-c205-471e-832e-73a60a321c77",
            "7c4948f9-76e3-4777-9aeb-ce929eccd6ed",
            "8fe6f1dc-fb90-42f0-b35f-8038eff7bc79"
          ],
          "pending": [],
          "skipped": [],
          "duration": 401,
          "root": false,
          "rootEmpty": false,
          "_timeout": 180000
        }
      ],
      "passes": [],
      "failures": [],
      "pending": [],
      "skipped": [],
      "duration": 0,
      "root": true,
      "rootEmpty": true,
      "_timeout": 2000
    }
  ],
  "meta": {
    "mocha": {
      "version": "9.1.3"
    },
    "mochawesome": {
      "options": {
        "quiet": true,
        "reportFilename": "logfile",
        "saveHtml": true,
        "saveJson": true,
        "consoleReporter": "spec",
        "useInlineDiffs": false,
        "code": true
      },
      "version": "7.0.1"
    },
    "marge": {
      "options": {
        "reportDir": "C:/Users/mintas/Desktop/New-beginning-code/Dufuna/Dufuna-CodeCamp-21/tests/landing_page/../..//tests/",
        "reportFilename": "logfile",
        "quiet": "true"
      },
      "version": "6.0.1"
    }
  }
}