<!doctype html>
<html lang="en"><head><meta charSet="utf-8"/><meta http-equiv="X-UA-Compatible" content="IE=edge"/><meta name="viewport" content="width=device-width, initial-scale=1"/><title>Mochawesome Report</title><link rel="stylesheet" href="assets/app.css"/></head><body data-raw="{&quot;stats&quot;:{&quot;suites&quot;:1,&quot;tests&quot;:18,&quot;passes&quot;:0,&quot;pending&quot;:0,&quot;failures&quot;:18,&quot;start&quot;:&quot;2021-06-17T14:06:32.913Z&quot;,&quot;end&quot;:&quot;2021-06-17T14:06:38.278Z&quot;,&quot;duration&quot;:5365,&quot;testsRegistered&quot;:18,&quot;passPercent&quot;:0,&quot;pendingPercent&quot;:0,&quot;other&quot;:0,&quot;hasOther&quot;:false,&quot;skipped&quot;:0,&quot;hasSkipped&quot;:false},&quot;results&quot;:[{&quot;uuid&quot;:&quot;19dd6b00-cbd6-4a7c-a7a7-05f22d0702f5&quot;,&quot;title&quot;:&quot;&quot;,&quot;fullFile&quot;:&quot;&quot;,&quot;file&quot;:&quot;&quot;,&quot;beforeHooks&quot;:[],&quot;afterHooks&quot;:[],&quot;tests&quot;:[],&quot;suites&quot;:[{&quot;uuid&quot;:&quot;62a2edd5-0442-4f48-96fd-09c505a6375d&quot;,&quot;title&quot;:&quot;Testing Scholars Project&quot;,&quot;fullFile&quot;:&quot;/Users/jeffkayombo/Desktop/Dufuna-CodeCamp-21/tests/landing_page/landing_page.js&quot;,&quot;file&quot;:&quot;/landing_page.js&quot;,&quot;beforeHooks&quot;:[{&quot;title&quot;:&quot;\&quot;before all\&quot; hook: setupWebdriver in \&quot;Testing Scholars Project\&quot;&quot;,&quot;fullTitle&quot;:&quot;Testing Scholars Project \&quot;before all\&quot; hook: setupWebdriver in \&quot;Testing Scholars Project\&quot;&quot;,&quot;timedOut&quot;:false,&quot;duration&quot;:4964,&quot;pass&quot;:false,&quot;fail&quot;:false,&quot;pending&quot;:false,&quot;code&quot;:&quot;var file_url = `file://${file_path}`;\ndriver.get(file_url).then(done);&quot;,&quot;err&quot;:{},&quot;uuid&quot;:&quot;7cf66c99-b0c5-4f64-8bb1-31dabac3c768&quot;,&quot;parentUUID&quot;:&quot;62a2edd5-0442-4f48-96fd-09c505a6375d&quot;,&quot;isHook&quot;:true,&quot;skipped&quot;:false}],&quot;afterHooks&quot;:[{&quot;title&quot;:&quot;\&quot;after all\&quot; hook in \&quot;Testing Scholars Project\&quot;&quot;,&quot;fullTitle&quot;:&quot;Testing Scholars Project \&quot;after all\&quot; hook in \&quot;Testing Scholars Project\&quot;&quot;,&quot;timedOut&quot;:false,&quot;duration&quot;:1,&quot;pass&quot;:false,&quot;fail&quot;:false,&quot;pending&quot;:false,&quot;code&quot;:&quot;driver.quit();&quot;,&quot;err&quot;:{},&quot;uuid&quot;:&quot;9c849c3a-6982-45b4-91d8-9ef378ff0138&quot;,&quot;parentUUID&quot;:&quot;62a2edd5-0442-4f48-96fd-09c505a6375d&quot;,&quot;isHook&quot;:true,&quot;skipped&quot;:false}],&quot;tests&quot;:[{&quot;title&quot;:&quot;test case: FoodBag Logo is present&quot;,&quot;fullTitle&quot;:&quot;Testing Scholars Project test case: FoodBag Logo is present&quot;,&quot;timedOut&quot;:false,&quot;duration&quot;:56,&quot;state&quot;:&quot;failed&quot;,&quot;pass&quot;:false,&quot;fail&quot;:true,&quot;pending&quot;:false,&quot;code&quot;:&quot;const name = await driver.findElement(By.css(\&quot;body\&quot;));\nconst text = await name.getText();\nassert.include(text, \&quot;Food\&quot;, `Ensure \&quot;food bag\&quot; text is present on header`);&quot;,&quot;err&quot;:{&quot;message&quot;:&quot;AssertionError: Ensure \&quot;food bag\&quot; text is present on header: expected &#x27;Your file couldn’t be accessed\\nIt may have been moved, edited or deleted.\\nERR_FILE_NOT_FOUND&#x27; to include &#x27;Food&#x27;&quot;,&quot;estack&quot;:&quot;AssertionError: Ensure \&quot;food bag\&quot; text is present on header: expected &#x27;Your file couldn’t be accessed\\nIt may have been moved, edited or deleted.\\nERR_FILE_NOT_FOUND&#x27; to include &#x27;Food&#x27;\n    at Context.&lt;anonymous&gt; (landing_page.js:24:20)\n    at processTicksAndRejections (node:internal/process/task_queues:96:5)&quot;},&quot;uuid&quot;:&quot;36f82ecf-0c83-4330-926e-f55db39f352b&quot;,&quot;parentUUID&quot;:&quot;62a2edd5-0442-4f48-96fd-09c505a6375d&quot;,&quot;isHook&quot;:false,&quot;skipped&quot;:false},{&quot;title&quot;:&quot;test case: FoodBag Logo is present&quot;,&quot;fullTitle&quot;:&quot;Testing Scholars Project test case: FoodBag Logo is present&quot;,&quot;timedOut&quot;:false,&quot;duration&quot;:27,&quot;state&quot;:&quot;failed&quot;,&quot;pass&quot;:false,&quot;fail&quot;:true,&quot;pending&quot;:false,&quot;code&quot;:&quot;const name = await driver.findElement(By.css(\&quot;body\&quot;));\nconst text = await name.getText();\nassert.include(text, \&quot;Bag\&quot;, `Ensure \&quot;food bag\&quot; text is present on header`);&quot;,&quot;err&quot;:{&quot;message&quot;:&quot;AssertionError: Ensure \&quot;food bag\&quot; text is present on header: expected &#x27;Your file couldn’t be accessed\\nIt may have been moved, edited or deleted.\\nERR_FILE_NOT_FOUND&#x27; to include &#x27;Bag&#x27;&quot;,&quot;estack&quot;:&quot;AssertionError: Ensure \&quot;food bag\&quot; text is present on header: expected &#x27;Your file couldn’t be accessed\\nIt may have been moved, edited or deleted.\\nERR_FILE_NOT_FOUND&#x27; to include &#x27;Bag&#x27;\n    at Context.&lt;anonymous&gt; (landing_page.js:30:20)\n    at processTicksAndRejections (node:internal/process/task_queues:96:5)&quot;},&quot;uuid&quot;:&quot;6a0a65bc-384d-488d-91ae-079ec8de1d63&quot;,&quot;parentUUID&quot;:&quot;62a2edd5-0442-4f48-96fd-09c505a6375d&quot;,&quot;isHook&quot;:false,&quot;skipped&quot;:false},{&quot;title&quot;:&quot;test case: FoodBag text is present on the page&quot;,&quot;fullTitle&quot;:&quot;Testing Scholars Project test case: FoodBag text is present on the page&quot;,&quot;timedOut&quot;:false,&quot;duration&quot;:31,&quot;state&quot;:&quot;failed&quot;,&quot;pass&quot;:false,&quot;fail&quot;:true,&quot;pending&quot;:false,&quot;code&quot;:&quot;const name = await driver.findElement(By.css(\&quot;body\&quot;));\nconst text = await name.getText();\nassert.include(text, \&quot;FoodBag\&quot;, `Ensure \&quot;FoodBag\&quot; text is present`);&quot;,&quot;err&quot;:{&quot;message&quot;:&quot;AssertionError: Ensure \&quot;FoodBag\&quot; text is present: expected &#x27;Your file couldn’t be accessed\\nIt may have been moved, edited or deleted.\\nERR_FILE_NOT_FOUND&#x27; to include &#x27;FoodBag&#x27;&quot;,&quot;estack&quot;:&quot;AssertionError: Ensure \&quot;FoodBag\&quot; text is present: expected &#x27;Your file couldn’t be accessed\\nIt may have been moved, edited or deleted.\\nERR_FILE_NOT_FOUND&#x27; to include &#x27;FoodBag&#x27;\n    at Context.&lt;anonymous&gt; (landing_page.js:36:20)\n    at processTicksAndRejections (node:internal/process/task_queues:96:5)&quot;},&quot;uuid&quot;:&quot;e6cfbcd9-02e7-4327-b28a-7055007b9837&quot;,&quot;parentUUID&quot;:&quot;62a2edd5-0442-4f48-96fd-09c505a6375d&quot;,&quot;isHook&quot;:false,&quot;skipped&quot;:false},{&quot;title&quot;:&quot;test case: check Login&quot;,&quot;fullTitle&quot;:&quot;Testing Scholars Project test case: check Login&quot;,&quot;timedOut&quot;:false,&quot;duration&quot;:24,&quot;state&quot;:&quot;failed&quot;,&quot;pass&quot;:false,&quot;fail&quot;:true,&quot;pending&quot;:false,&quot;code&quot;:&quot;const element = await driver.findElement(By.css(\&quot;body\&quot;))\nconst text = await element.getText();\nassert.include(text, \&quot;Login\&quot;, \&quot;Ensure the `Login` link is present on the header\&quot;);&quot;,&quot;err&quot;:{&quot;message&quot;:&quot;AssertionError: Ensure the `Login` link is present on the header: expected &#x27;Your file couldn’t be accessed\\nIt may have been moved, edited or deleted.\\nERR_FILE_NOT_FOUND&#x27; to include &#x27;Login&#x27;&quot;,&quot;estack&quot;:&quot;AssertionError: Ensure the `Login` link is present on the header: expected &#x27;Your file couldn’t be accessed\\nIt may have been moved, edited or deleted.\\nERR_FILE_NOT_FOUND&#x27; to include &#x27;Login&#x27;\n    at Context.&lt;anonymous&gt; (landing_page.js:43:20)\n    at processTicksAndRejections (node:internal/process/task_queues:96:5)&quot;},&quot;uuid&quot;:&quot;04caedf9-a8d0-4413-a480-56f5d50342cf&quot;,&quot;parentUUID&quot;:&quot;62a2edd5-0442-4f48-96fd-09c505a6375d&quot;,&quot;isHook&quot;:false,&quot;skipped&quot;:false},{&quot;title&quot;:&quot;test case: check Cart&quot;,&quot;fullTitle&quot;:&quot;Testing Scholars Project test case: check Cart&quot;,&quot;timedOut&quot;:false,&quot;duration&quot;:25,&quot;state&quot;:&quot;failed&quot;,&quot;pass&quot;:false,&quot;fail&quot;:true,&quot;pending&quot;:false,&quot;code&quot;:&quot;const element = await driver.findElement(By.css(\&quot;body\&quot;))\nconst text = await element.getText();\nassert.include(text, \&quot;Cart\&quot;, \&quot;Ensure the `Cart` link is present on the header\&quot;);&quot;,&quot;err&quot;:{&quot;message&quot;:&quot;AssertionError: Ensure the `Cart` link is present on the header: expected &#x27;Your file couldn’t be accessed\\nIt may have been moved, edited or deleted.\\nERR_FILE_NOT_FOUND&#x27; to include &#x27;Cart&#x27;&quot;,&quot;estack&quot;:&quot;AssertionError: Ensure the `Cart` link is present on the header: expected &#x27;Your file couldn’t be accessed\\nIt may have been moved, edited or deleted.\\nERR_FILE_NOT_FOUND&#x27; to include &#x27;Cart&#x27;\n    at Context.&lt;anonymous&gt; (landing_page.js:49:20)\n    at processTicksAndRejections (node:internal/process/task_queues:96:5)&quot;},&quot;uuid&quot;:&quot;f403b7e9-985e-4395-92b1-cf65a3717c86&quot;,&quot;parentUUID&quot;:&quot;62a2edd5-0442-4f48-96fd-09c505a6375d&quot;,&quot;isHook&quot;:false,&quot;skipped&quot;:false},{&quot;title&quot;:&quot;test case: check Sign up&quot;,&quot;fullTitle&quot;:&quot;Testing Scholars Project test case: check Sign up&quot;,&quot;timedOut&quot;:false,&quot;duration&quot;:22,&quot;state&quot;:&quot;failed&quot;,&quot;pass&quot;:false,&quot;fail&quot;:true,&quot;pending&quot;:false,&quot;code&quot;:&quot;const element = await driver.findElement(By.css(\&quot;body\&quot;))\nconst text = await element.getText();\nassert.include(text, \&quot;Sign up\&quot;, \&quot;Ensure the `Sign up` link is present on the header\&quot;);&quot;,&quot;err&quot;:{&quot;message&quot;:&quot;AssertionError: Ensure the `Sign up` link is present on the header: expected &#x27;Your file couldn’t be accessed\\nIt may have been moved, edited or deleted.\\nERR_FILE_NOT_FOUND&#x27; to include &#x27;Sign up&#x27;&quot;,&quot;estack&quot;:&quot;AssertionError: Ensure the `Sign up` link is present on the header: expected &#x27;Your file couldn’t be accessed\\nIt may have been moved, edited or deleted.\\nERR_FILE_NOT_FOUND&#x27; to include &#x27;Sign up&#x27;\n    at Context.&lt;anonymous&gt; (landing_page.js:55:20)\n    at processTicksAndRejections (node:internal/process/task_queues:96:5)&quot;},&quot;uuid&quot;:&quot;05c95abf-e634-4322-9809-86dc7ee48877&quot;,&quot;parentUUID&quot;:&quot;62a2edd5-0442-4f48-96fd-09c505a6375d&quot;,&quot;isHook&quot;:false,&quot;skipped&quot;:false},{&quot;title&quot;:&quot;test case: check service-descrption1&quot;,&quot;fullTitle&quot;:&quot;Testing Scholars Project test case: check service-descrption1&quot;,&quot;timedOut&quot;:false,&quot;duration&quot;:21,&quot;state&quot;:&quot;failed&quot;,&quot;pass&quot;:false,&quot;fail&quot;:true,&quot;pending&quot;:false,&quot;code&quot;:&quot;const element = await driver.findElement(By.css(\&quot;body\&quot;))\nconst text = await element.getText();\nassert.include(text, \&quot;Pick an interest\&quot;, \&quot;Ensure Quantity label is present\&quot;);&quot;,&quot;err&quot;:{&quot;message&quot;:&quot;AssertionError: Ensure Quantity label is present: expected &#x27;Your file couldn’t be accessed\\nIt may have been moved, edited or deleted.\\nERR_FILE_NOT_FOUND&#x27; to include &#x27;Pick an interest&#x27;&quot;,&quot;estack&quot;:&quot;AssertionError: Ensure Quantity label is present: expected &#x27;Your file couldn’t be accessed\\nIt may have been moved, edited or deleted.\\nERR_FILE_NOT_FOUND&#x27; to include &#x27;Pick an interest&#x27;\n    at Context.&lt;anonymous&gt; (landing_page.js:67:20)\n    at processTicksAndRejections (node:internal/process/task_queues:96:5)&quot;},&quot;uuid&quot;:&quot;9c0a14ab-3da8-4a33-ab46-3084dd96ae01&quot;,&quot;parentUUID&quot;:&quot;62a2edd5-0442-4f48-96fd-09c505a6375d&quot;,&quot;isHook&quot;:false,&quot;skipped&quot;:false},{&quot;title&quot;:&quot;test case: check service-description2&quot;,&quot;fullTitle&quot;:&quot;Testing Scholars Project test case: check service-description2&quot;,&quot;timedOut&quot;:false,&quot;duration&quot;:23,&quot;state&quot;:&quot;failed&quot;,&quot;pass&quot;:false,&quot;fail&quot;:true,&quot;pending&quot;:false,&quot;code&quot;:&quot;const element = await driver.findElement(By.css(\&quot;body\&quot;))\nconst text = await element.getText();\nassert.include(text, \&quot;How we serve you\&quot;, \&quot;Ensure you have the appropriate text for the service\&quot;);&quot;,&quot;err&quot;:{&quot;message&quot;:&quot;AssertionError: Ensure you have the appropriate text for the service: expected &#x27;Your file couldn’t be accessed\\nIt may have been moved, edited or deleted.\\nERR_FILE_NOT_FOUND&#x27; to include &#x27;How we serve you&#x27;&quot;,&quot;estack&quot;:&quot;AssertionError: Ensure you have the appropriate text for the service: expected &#x27;Your file couldn’t be accessed\\nIt may have been moved, edited or deleted.\\nERR_FILE_NOT_FOUND&#x27; to include &#x27;How we serve you&#x27;\n    at Context.&lt;anonymous&gt; (landing_page.js:73:20)\n    at processTicksAndRejections (node:internal/process/task_queues:96:5)&quot;},&quot;uuid&quot;:&quot;f76f68ad-fd82-45c9-86ad-cd5b2a57d899&quot;,&quot;parentUUID&quot;:&quot;62a2edd5-0442-4f48-96fd-09c505a6375d&quot;,&quot;isHook&quot;:false,&quot;skipped&quot;:false},{&quot;title&quot;:&quot;test case: check service title-1&quot;,&quot;fullTitle&quot;:&quot;Testing Scholars Project test case: check service title-1&quot;,&quot;timedOut&quot;:false,&quot;duration&quot;:26,&quot;state&quot;:&quot;failed&quot;,&quot;pass&quot;:false,&quot;fail&quot;:true,&quot;pending&quot;:false,&quot;code&quot;:&quot;const element = await driver.findElement(By.css(\&quot;body\&quot;))\nconst text = await element.getText();\nassert.include(text, \&quot;Tell us where you are\&quot;, \&quot;Ensure you have the appropriate text for the service\&quot;);&quot;,&quot;err&quot;:{&quot;message&quot;:&quot;AssertionError: Ensure you have the appropriate text for the service: expected &#x27;Your file couldn’t be accessed\\nIt may have been moved, edited or deleted.\\nERR_FILE_NOT_FOUND&#x27; to include &#x27;Tell us where you are&#x27;&quot;,&quot;estack&quot;:&quot;AssertionError: Ensure you have the appropriate text for the service: expected &#x27;Your file couldn’t be accessed\\nIt may have been moved, edited or deleted.\\nERR_FILE_NOT_FOUND&#x27; to include &#x27;Tell us where you are&#x27;\n    at Context.&lt;anonymous&gt; (landing_page.js:79:20)\n    at processTicksAndRejections (node:internal/process/task_queues:96:5)&quot;},&quot;uuid&quot;:&quot;7291b5ca-ccfb-4b54-804d-1877e2d3027a&quot;,&quot;parentUUID&quot;:&quot;62a2edd5-0442-4f48-96fd-09c505a6375d&quot;,&quot;isHook&quot;:false,&quot;skipped&quot;:false},{&quot;title&quot;:&quot;test case: check service-title-2&quot;,&quot;fullTitle&quot;:&quot;Testing Scholars Project test case: check service-title-2&quot;,&quot;timedOut&quot;:false,&quot;duration&quot;:24,&quot;state&quot;:&quot;failed&quot;,&quot;pass&quot;:false,&quot;fail&quot;:true,&quot;pending&quot;:false,&quot;code&quot;:&quot;const element = await driver.findElement(By.css(\&quot;body\&quot;))\nconst text = await element.getText();\nassert.include(text, \&quot;Tell us what you want\&quot;, \&quot;Ensure you have the appropriate text for the service\&quot;);&quot;,&quot;err&quot;:{&quot;message&quot;:&quot;AssertionError: Ensure you have the appropriate text for the service: expected &#x27;Your file couldn’t be accessed\\nIt may have been moved, edited or deleted.\\nERR_FILE_NOT_FOUND&#x27; to include &#x27;Tell us what you want&#x27;&quot;,&quot;estack&quot;:&quot;AssertionError: Ensure you have the appropriate text for the service: expected &#x27;Your file couldn’t be accessed\\nIt may have been moved, edited or deleted.\\nERR_FILE_NOT_FOUND&#x27; to include &#x27;Tell us what you want&#x27;\n    at Context.&lt;anonymous&gt; (landing_page.js:85:20)\n    at processTicksAndRejections (node:internal/process/task_queues:96:5)&quot;},&quot;uuid&quot;:&quot;683df1fa-5f14-4944-8e12-7c53fc185a8f&quot;,&quot;parentUUID&quot;:&quot;62a2edd5-0442-4f48-96fd-09c505a6375d&quot;,&quot;isHook&quot;:false,&quot;skipped&quot;:false},{&quot;title&quot;:&quot;test case: check service-title-3&quot;,&quot;fullTitle&quot;:&quot;Testing Scholars Project test case: check service-title-3&quot;,&quot;timedOut&quot;:false,&quot;duration&quot;:21,&quot;state&quot;:&quot;failed&quot;,&quot;pass&quot;:false,&quot;fail&quot;:true,&quot;pending&quot;:false,&quot;code&quot;:&quot;const element = await driver.findElement(By.css(\&quot;body\&quot;))\nconst text = await element.getText();\nassert.include(text, \&quot;We&#x27;ll come running\&quot;, \&quot;Ensure you have the appropriate text for the service\&quot;);&quot;,&quot;err&quot;:{&quot;message&quot;:&quot;AssertionError: Ensure you have the appropriate text for the service: expected &#x27;Your file couldn’t be accessed\\nIt may have been moved, edited or deleted.\\nERR_FILE_NOT_FOUND&#x27; to include &#x27;We\\&#x27;ll come running&#x27;&quot;,&quot;estack&quot;:&quot;AssertionError: Ensure you have the appropriate text for the service: expected &#x27;Your file couldn’t be accessed\\nIt may have been moved, edited or deleted.\\nERR_FILE_NOT_FOUND&#x27; to include &#x27;We\\&#x27;ll come running&#x27;\n    at Context.&lt;anonymous&gt; (landing_page.js:91:20)\n    at processTicksAndRejections (node:internal/process/task_queues:96:5)&quot;},&quot;uuid&quot;:&quot;bad8b1e1-be38-425b-a4d2-3ff3877440a4&quot;,&quot;parentUUID&quot;:&quot;62a2edd5-0442-4f48-96fd-09c505a6375d&quot;,&quot;isHook&quot;:false,&quot;skipped&quot;:false},{&quot;title&quot;:&quot;test case: check footer&quot;,&quot;fullTitle&quot;:&quot;Testing Scholars Project test case: check footer&quot;,&quot;timedOut&quot;:false,&quot;duration&quot;:13,&quot;state&quot;:&quot;failed&quot;,&quot;pass&quot;:false,&quot;fail&quot;:true,&quot;pending&quot;:false,&quot;code&quot;:&quot;const element = await driver.findElement(By.css(\&quot;footer\&quot;))\nconst text = await element.getText();\nassert.include(text, \&quot;Contact us\&quot;, \&quot;Ensure you have the appropriate text as seen on the mock-up\&quot;);&quot;,&quot;err&quot;:{&quot;message&quot;:&quot;NoSuchElementError: no such element: Unable to locate element: {\&quot;method\&quot;:\&quot;css selector\&quot;,\&quot;selector\&quot;:\&quot;footer\&quot;}\n  (Session info: chrome=91.0.4472.106)&quot;,&quot;estack&quot;:&quot;NoSuchElementError: no such element: Unable to locate element: {\&quot;method\&quot;:\&quot;css selector\&quot;,\&quot;selector\&quot;:\&quot;footer\&quot;}\n  (Session info: chrome=91.0.4472.106)\n    at Object.throwDecodedError (/Users/jeffkayombo/Desktop/Dufuna-CodeCamp-21/tests/node_modules/selenium-webdriver/lib/error.js:517:15)\n    at parseHttpResponse (/Users/jeffkayombo/Desktop/Dufuna-CodeCamp-21/tests/node_modules/selenium-webdriver/lib/http.js:642:13)\n    at Executor.execute (/Users/jeffkayombo/Desktop/Dufuna-CodeCamp-21/tests/node_modules/selenium-webdriver/lib/http.js:568:28)\n    at processTicksAndRejections (node:internal/process/task_queues:96:5)\n    at async thenableWebDriverProxy.execute (/Users/jeffkayombo/Desktop/Dufuna-CodeCamp-21/tests/node_modules/selenium-webdriver/lib/webdriver.js:731:17)\n    at async Context.&lt;anonymous&gt; (landing_page.js:95:29)&quot;},&quot;uuid&quot;:&quot;1d02f7bb-dff6-42bd-8208-344c9fda03ea&quot;,&quot;parentUUID&quot;:&quot;62a2edd5-0442-4f48-96fd-09c505a6375d&quot;,&quot;isHook&quot;:false,&quot;skipped&quot;:false},{&quot;title&quot;:&quot;test case: check terms &amp; conditions on footer&quot;,&quot;fullTitle&quot;:&quot;Testing Scholars Project test case: check terms &amp; conditions on footer&quot;,&quot;timedOut&quot;:false,&quot;duration&quot;:8,&quot;state&quot;:&quot;failed&quot;,&quot;pass&quot;:false,&quot;fail&quot;:true,&quot;pending&quot;:false,&quot;code&quot;:&quot;const element = await driver.findElement(By.css(\&quot;footer\&quot;))\nconst text = await element.getText();\nassert.include(text, \&quot;Terms &amp; Conditions . Privacy Policy\&quot;, \&quot;Ensure the texts on the footer is properly formated\&quot;);&quot;,&quot;err&quot;:{&quot;message&quot;:&quot;NoSuchElementError: no such element: Unable to locate element: {\&quot;method\&quot;:\&quot;css selector\&quot;,\&quot;selector\&quot;:\&quot;footer\&quot;}\n  (Session info: chrome=91.0.4472.106)&quot;,&quot;estack&quot;:&quot;NoSuchElementError: no such element: Unable to locate element: {\&quot;method\&quot;:\&quot;css selector\&quot;,\&quot;selector\&quot;:\&quot;footer\&quot;}\n  (Session info: chrome=91.0.4472.106)\n    at Object.throwDecodedError (/Users/jeffkayombo/Desktop/Dufuna-CodeCamp-21/tests/node_modules/selenium-webdriver/lib/error.js:517:15)\n    at parseHttpResponse (/Users/jeffkayombo/Desktop/Dufuna-CodeCamp-21/tests/node_modules/selenium-webdriver/lib/http.js:642:13)\n    at Executor.execute (/Users/jeffkayombo/Desktop/Dufuna-CodeCamp-21/tests/node_modules/selenium-webdriver/lib/http.js:568:28)\n    at processTicksAndRejections (node:internal/process/task_queues:96:5)\n    at async thenableWebDriverProxy.execute (/Users/jeffkayombo/Desktop/Dufuna-CodeCamp-21/tests/node_modules/selenium-webdriver/lib/webdriver.js:731:17)\n    at async Context.&lt;anonymous&gt; (landing_page.js:101:29)&quot;},&quot;uuid&quot;:&quot;b799a9a1-9e00-4cd5-857f-29cc9e803c6f&quot;,&quot;parentUUID&quot;:&quot;62a2edd5-0442-4f48-96fd-09c505a6375d&quot;,&quot;isHook&quot;:false,&quot;skipped&quot;:false},{&quot;title&quot;:&quot;test case: check copyright on footer&quot;,&quot;fullTitle&quot;:&quot;Testing Scholars Project test case: check copyright on footer&quot;,&quot;timedOut&quot;:false,&quot;duration&quot;:11,&quot;state&quot;:&quot;failed&quot;,&quot;pass&quot;:false,&quot;fail&quot;:true,&quot;pending&quot;:false,&quot;code&quot;:&quot;const element = await driver.findElement(By.css(\&quot;footer\&quot;))\nconst text = await element.getText();\nassert.include(text, \&quot;© Copyright 2021 FoodBag is a registered trademark\&quot;, \&quot;Ensure you have the appropriate text as seen on the mock-up\&quot;);&quot;,&quot;err&quot;:{&quot;message&quot;:&quot;NoSuchElementError: no such element: Unable to locate element: {\&quot;method\&quot;:\&quot;css selector\&quot;,\&quot;selector\&quot;:\&quot;footer\&quot;}\n  (Session info: chrome=91.0.4472.106)&quot;,&quot;estack&quot;:&quot;NoSuchElementError: no such element: Unable to locate element: {\&quot;method\&quot;:\&quot;css selector\&quot;,\&quot;selector\&quot;:\&quot;footer\&quot;}\n  (Session info: chrome=91.0.4472.106)\n    at Object.throwDecodedError (/Users/jeffkayombo/Desktop/Dufuna-CodeCamp-21/tests/node_modules/selenium-webdriver/lib/error.js:517:15)\n    at parseHttpResponse (/Users/jeffkayombo/Desktop/Dufuna-CodeCamp-21/tests/node_modules/selenium-webdriver/lib/http.js:642:13)\n    at Executor.execute (/Users/jeffkayombo/Desktop/Dufuna-CodeCamp-21/tests/node_modules/selenium-webdriver/lib/http.js:568:28)\n    at processTicksAndRejections (node:internal/process/task_queues:96:5)\n    at async thenableWebDriverProxy.execute (/Users/jeffkayombo/Desktop/Dufuna-CodeCamp-21/tests/node_modules/selenium-webdriver/lib/webdriver.js:731:17)\n    at async Context.&lt;anonymous&gt; (landing_page.js:107:29)&quot;},&quot;uuid&quot;:&quot;4317e75f-c397-47a7-ae4d-78e90059ef6c&quot;,&quot;parentUUID&quot;:&quot;62a2edd5-0442-4f48-96fd-09c505a6375d&quot;,&quot;isHook&quot;:false,&quot;skipped&quot;:false},{&quot;title&quot;:&quot;test case: assert input field is present&quot;,&quot;fullTitle&quot;:&quot;Testing Scholars Project test case: assert input field is present&quot;,&quot;timedOut&quot;:false,&quot;duration&quot;:12,&quot;state&quot;:&quot;failed&quot;,&quot;pass&quot;:false,&quot;fail&quot;:true,&quot;pending&quot;:false,&quot;code&quot;:&quot;const input = await driver.findElements(By.css(&#x27;input&#x27;));\nconst size = input.length\nassert.equal(size, 1, `Ensure you have the input field as seen in the mock-up`);&quot;,&quot;err&quot;:{&quot;message&quot;:&quot;AssertionError: Ensure you have the input field as seen in the mock-up: expected 0 to equal 1&quot;,&quot;estack&quot;:&quot;AssertionError: Ensure you have the input field as seen in the mock-up: expected 0 to equal 1\n    at Context.&lt;anonymous&gt; (landing_page.js:115:20)\n    at processTicksAndRejections (node:internal/process/task_queues:96:5)&quot;,&quot;diff&quot;:&quot;- 0\n+ 1\n&quot;},&quot;uuid&quot;:&quot;18dc8564-1c23-4a8d-a74b-0ed0ecffc418&quot;,&quot;parentUUID&quot;:&quot;62a2edd5-0442-4f48-96fd-09c505a6375d&quot;,&quot;isHook&quot;:false,&quot;skipped&quot;:false},{&quot;title&quot;:&quot;test case: assert placeholder&quot;,&quot;fullTitle&quot;:&quot;Testing Scholars Project test case: assert placeholder&quot;,&quot;timedOut&quot;:false,&quot;duration&quot;:12,&quot;state&quot;:&quot;failed&quot;,&quot;pass&quot;:false,&quot;fail&quot;:true,&quot;pending&quot;:false,&quot;code&quot;:&quot;const element = await driver.findElement(By.css(&#x27;input&#x27;)).getAttribute(&#x27;placeholder&#x27;);\nassert.equal(element, \&quot;Enter your delivery address\&quot;, `Ensure you have the placeholder as seen in the mock-up`);&quot;,&quot;err&quot;:{&quot;message&quot;:&quot;NoSuchElementError: no such element: Unable to locate element: {\&quot;method\&quot;:\&quot;css selector\&quot;,\&quot;selector\&quot;:\&quot;input\&quot;}\n  (Session info: chrome=91.0.4472.106)&quot;,&quot;estack&quot;:&quot;NoSuchElementError: no such element: Unable to locate element: {\&quot;method\&quot;:\&quot;css selector\&quot;,\&quot;selector\&quot;:\&quot;input\&quot;}\n  (Session info: chrome=91.0.4472.106)\n    at Object.throwDecodedError (/Users/jeffkayombo/Desktop/Dufuna-CodeCamp-21/tests/node_modules/selenium-webdriver/lib/error.js:517:15)\n    at parseHttpResponse (/Users/jeffkayombo/Desktop/Dufuna-CodeCamp-21/tests/node_modules/selenium-webdriver/lib/http.js:642:13)\n    at Executor.execute (/Users/jeffkayombo/Desktop/Dufuna-CodeCamp-21/tests/node_modules/selenium-webdriver/lib/http.js:568:28)\n    at processTicksAndRejections (node:internal/process/task_queues:96:5)\n    at async thenableWebDriverProxy.execute (/Users/jeffkayombo/Desktop/Dufuna-CodeCamp-21/tests/node_modules/selenium-webdriver/lib/webdriver.js:731:17)\n    at async toWireValue (/Users/jeffkayombo/Desktop/Dufuna-CodeCamp-21/tests/node_modules/selenium-webdriver/lib/webdriver.js:139:15)\n    at async /Users/jeffkayombo/Desktop/Dufuna-CodeCamp-21/tests/node_modules/selenium-webdriver/lib/webdriver.js:189:16\n    at async forEachKey (/Users/jeffkayombo/Desktop/Dufuna-CodeCamp-21/tests/node_modules/selenium-webdriver/lib/webdriver.js:183:9)\n    at async convertKeys (/Users/jeffkayombo/Desktop/Dufuna-CodeCamp-21/tests/node_modules/selenium-webdriver/lib/webdriver.js:188:3)\n    at async thenableWebDriverProxy.execute (/Users/jeffkayombo/Desktop/Dufuna-CodeCamp-21/tests/node_modules/selenium-webdriver/lib/webdriver.js:729:22)\n    at async Context.&lt;anonymous&gt; (landing_page.js:119:29)&quot;},&quot;uuid&quot;:&quot;e3a22f6a-a25c-4fac-a537-716db87e340f&quot;,&quot;parentUUID&quot;:&quot;62a2edd5-0442-4f48-96fd-09c505a6375d&quot;,&quot;isHook&quot;:false,&quot;skipped&quot;:false},{&quot;title&quot;:&quot;test case: assert placeholder&quot;,&quot;fullTitle&quot;:&quot;Testing Scholars Project test case: assert placeholder&quot;,&quot;timedOut&quot;:false,&quot;duration&quot;:9,&quot;state&quot;:&quot;failed&quot;,&quot;pass&quot;:false,&quot;fail&quot;:true,&quot;pending&quot;:false,&quot;code&quot;:&quot;const element = await driver.findElement(By.css(&#x27;input&#x27;)).getAttribute(&#x27;label&#x27;);\nassert.equal(element, \&quot;Where are you?\&quot;, `Ensure you have the input field as the appropriate label as seen in the mock-up`);&quot;,&quot;err&quot;:{&quot;message&quot;:&quot;NoSuchElementError: no such element: Unable to locate element: {\&quot;method\&quot;:\&quot;css selector\&quot;,\&quot;selector\&quot;:\&quot;input\&quot;}\n  (Session info: chrome=91.0.4472.106)&quot;,&quot;estack&quot;:&quot;NoSuchElementError: no such element: Unable to locate element: {\&quot;method\&quot;:\&quot;css selector\&quot;,\&quot;selector\&quot;:\&quot;input\&quot;}\n  (Session info: chrome=91.0.4472.106)\n    at Object.throwDecodedError (/Users/jeffkayombo/Desktop/Dufuna-CodeCamp-21/tests/node_modules/selenium-webdriver/lib/error.js:517:15)\n    at parseHttpResponse (/Users/jeffkayombo/Desktop/Dufuna-CodeCamp-21/tests/node_modules/selenium-webdriver/lib/http.js:642:13)\n    at Executor.execute (/Users/jeffkayombo/Desktop/Dufuna-CodeCamp-21/tests/node_modules/selenium-webdriver/lib/http.js:568:28)\n    at processTicksAndRejections (node:internal/process/task_queues:96:5)\n    at async thenableWebDriverProxy.execute (/Users/jeffkayombo/Desktop/Dufuna-CodeCamp-21/tests/node_modules/selenium-webdriver/lib/webdriver.js:731:17)\n    at async toWireValue (/Users/jeffkayombo/Desktop/Dufuna-CodeCamp-21/tests/node_modules/selenium-webdriver/lib/webdriver.js:139:15)\n    at async /Users/jeffkayombo/Desktop/Dufuna-CodeCamp-21/tests/node_modules/selenium-webdriver/lib/webdriver.js:189:16\n    at async forEachKey (/Users/jeffkayombo/Desktop/Dufuna-CodeCamp-21/tests/node_modules/selenium-webdriver/lib/webdriver.js:183:9)\n    at async convertKeys (/Users/jeffkayombo/Desktop/Dufuna-CodeCamp-21/tests/node_modules/selenium-webdriver/lib/webdriver.js:188:3)\n    at async thenableWebDriverProxy.execute (/Users/jeffkayombo/Desktop/Dufuna-CodeCamp-21/tests/node_modules/selenium-webdriver/lib/webdriver.js:729:22)\n    at async Context.&lt;anonymous&gt; (landing_page.js:124:29)&quot;},&quot;uuid&quot;:&quot;9de2e302-9cb6-4bc6-b465-9abd3a342efe&quot;,&quot;parentUUID&quot;:&quot;62a2edd5-0442-4f48-96fd-09c505a6375d&quot;,&quot;isHook&quot;:false,&quot;skipped&quot;:false},{&quot;title&quot;:&quot;test case: assert image amount is 10&quot;,&quot;fullTitle&quot;:&quot;Testing Scholars Project test case: assert image amount is 10&quot;,&quot;timedOut&quot;:false,&quot;duration&quot;:11,&quot;state&quot;:&quot;failed&quot;,&quot;pass&quot;:false,&quot;fail&quot;:true,&quot;pending&quot;:false,&quot;code&quot;:&quot;const images = await driver.findElements(By.css(&#x27;img&#x27;));\nconst size = images.length\nassert.equal(size, 10, `Ensure all the images are present on the page`);&quot;,&quot;err&quot;:{&quot;message&quot;:&quot;AssertionError: Ensure all the images are present on the page: expected 2 to equal 10&quot;,&quot;estack&quot;:&quot;AssertionError: Ensure all the images are present on the page: expected 2 to equal 10\n    at Context.&lt;anonymous&gt; (landing_page.js:131:20)\n    at processTicksAndRejections (node:internal/process/task_queues:96:5)&quot;,&quot;diff&quot;:&quot;- 2\n+ 10\n&quot;},&quot;uuid&quot;:&quot;f833cbea-1fe3-44b2-8378-cae0b119e302&quot;,&quot;parentUUID&quot;:&quot;62a2edd5-0442-4f48-96fd-09c505a6375d&quot;,&quot;isHook&quot;:false,&quot;skipped&quot;:false}],&quot;suites&quot;:[],&quot;passes&quot;:[],&quot;failures&quot;:[&quot;36f82ecf-0c83-4330-926e-f55db39f352b&quot;,&quot;6a0a65bc-384d-488d-91ae-079ec8de1d63&quot;,&quot;e6cfbcd9-02e7-4327-b28a-7055007b9837&quot;,&quot;04caedf9-a8d0-4413-a480-56f5d50342cf&quot;,&quot;f403b7e9-985e-4395-92b1-cf65a3717c86&quot;,&quot;05c95abf-e634-4322-9809-86dc7ee48877&quot;,&quot;9c0a14ab-3da8-4a33-ab46-3084dd96ae01&quot;,&quot;f76f68ad-fd82-45c9-86ad-cd5b2a57d899&quot;,&quot;7291b5ca-ccfb-4b54-804d-1877e2d3027a&quot;,&quot;683df1fa-5f14-4944-8e12-7c53fc185a8f&quot;,&quot;bad8b1e1-be38-425b-a4d2-3ff3877440a4&quot;,&quot;1d02f7bb-dff6-42bd-8208-344c9fda03ea&quot;,&quot;b799a9a1-9e00-4cd5-857f-29cc9e803c6f&quot;,&quot;4317e75f-c397-47a7-ae4d-78e90059ef6c&quot;,&quot;18dc8564-1c23-4a8d-a74b-0ed0ecffc418&quot;,&quot;e3a22f6a-a25c-4fac-a537-716db87e340f&quot;,&quot;9de2e302-9cb6-4bc6-b465-9abd3a342efe&quot;,&quot;f833cbea-1fe3-44b2-8378-cae0b119e302&quot;],&quot;pending&quot;:[],&quot;skipped&quot;:[],&quot;duration&quot;:376,&quot;root&quot;:false,&quot;rootEmpty&quot;:false,&quot;_timeout&quot;:180000}],&quot;passes&quot;:[],&quot;failures&quot;:[],&quot;pending&quot;:[],&quot;skipped&quot;:[],&quot;duration&quot;:0,&quot;root&quot;:true,&quot;rootEmpty&quot;:true,&quot;_timeout&quot;:2000}],&quot;meta&quot;:{&quot;mocha&quot;:{&quot;version&quot;:&quot;9.0.0&quot;},&quot;mochawesome&quot;:{&quot;options&quot;:{&quot;quiet&quot;:true,&quot;reportFilename&quot;:&quot;logfile&quot;,&quot;saveHtml&quot;:true,&quot;saveJson&quot;:true,&quot;consoleReporter&quot;:&quot;spec&quot;,&quot;useInlineDiffs&quot;:false,&quot;code&quot;:true},&quot;version&quot;:&quot;6.2.2&quot;},&quot;marge&quot;:{&quot;options&quot;:{&quot;reportDir&quot;:&quot;/Users/jeffkayombo/Desktop/Dufuna-CodeCamp-21/tests/landing_page/../..//tests/&quot;,&quot;reportFilename&quot;:&quot;logfile&quot;,&quot;quiet&quot;:&quot;true&quot;},&quot;version&quot;:&quot;5.2.0&quot;}}}" data-config="{&quot;reportFilename&quot;:&quot;logfile&quot;,&quot;reportDir&quot;:&quot;/Users/jeffkayombo/Desktop/Dufuna-CodeCamp-21/tests/landing_page/../..//tests/&quot;,&quot;reportTitle&quot;:&quot;landing_page&quot;,&quot;reportPageTitle&quot;:&quot;Mochawesome Report&quot;,&quot;inline&quot;:false,&quot;inlineAssets&quot;:false,&quot;cdn&quot;:false,&quot;charts&quot;:false,&quot;enableCharts&quot;:false,&quot;code&quot;:true,&quot;enableCode&quot;:true,&quot;autoOpen&quot;:false,&quot;overwrite&quot;:true,&quot;timestamp&quot;:false,&quot;ts&quot;:false,&quot;showPassed&quot;:true,&quot;showFailed&quot;:true,&quot;showPending&quot;:true,&quot;showSkipped&quot;:false,&quot;showHooks&quot;:&quot;failed&quot;,&quot;saveJson&quot;:true,&quot;saveHtml&quot;:true,&quot;dev&quot;:false,&quot;assetsDir&quot;:&quot;/Users/jeffkayombo/Desktop/Dufuna-CodeCamp-21/tests/assets&quot;,&quot;jsonFile&quot;:&quot;/Users/jeffkayombo/Desktop/Dufuna-CodeCamp-21/tests/logfile.json&quot;,&quot;htmlFile&quot;:&quot;/Users/jeffkayombo/Desktop/Dufuna-CodeCamp-21/tests/logfile.html&quot;}"><div id="report"></div><script src="assets/app.js"></script></body></html>